<?xml version="1.0" encoding="UTF-8"?>
<!-- Generated by org.testng.reporters.JUnitReportReporter -->
<testsuite hostname="DESKTOP-QI49BTU" failures="0" tests="2" name="Academy.E2EProject.HomePage" time="40.096" errors="0" timestamp="2021-07-18T01:49:05 UYT" skipped="0">
  <testcase classname="Academy.E2EProject.HomePage" name="basePageNavigation" time="14.169"/>
  <system-out/>
  <testcase classname="Academy.E2EProject.HomePage" name="basePageNavigation" time="25.927"/>
  <system-out/>
</testsuite> <!-- Academy.E2EProject.HomePage -->
