<?xml version="1.0" encoding="UTF-8"?>
<!-- Generated by org.testng.reporters.JUnitReportReporter -->
<testsuite hostname="DESKTOP-QI49BTU" failures="0" tests="1" name="pageObjects.validateNavBar" time="0.123" errors="0" timestamp="2021-07-15T16:25:09 UYT" skipped="0">
  <testcase classname="pageObjects.validateNavBar" name="basePageNavigation" time="0.123"/>
  <system-out/>
</testsuite> <!-- pageObjects.validateNavBar -->
