<?xml version="1.0" encoding="UTF-8"?>
<!-- Generated by org.testng.reporters.JUnitReportReporter -->
<testsuite skipped="0" hostname="DESKTOP-QI49BTU" name="Academy.E2EProject.HomePage" tests="2" failures="0" timestamp="2021-07-18T01:53:25 UYT" time="37.174" errors="0">
  <testcase name="basePageNavigation" time="12.331" classname="Academy.E2EProject.HomePage"/>
  <system-out/>
  <testcase name="basePageNavigation" time="24.843" classname="Academy.E2EProject.HomePage"/>
  <system-out/>
</testsuite> <!-- Academy.E2EProject.HomePage -->
